<?xml version="1.0" encoding="UTF-8"?>
<!-- Generated by org.testng.reporters.JUnitReportReporter -->
<testsuite skipped="0" hostname="CRespiraul01" name="PostsTests" tests="10" failures="0" timestamp="2021-08-02T22:12:13 CST" time="16.107" errors="0">
  <testcase name="testGetAnInvalidPost" time="1.241" classname="PostsTests"/>
  <system-out/>
  <testcase name="testUpdateInvalidPost" time="1.309" classname="PostsTests"/>
  <system-out/>
  <testcase name="testGetAllPostsUsingInvalidLogin" time="4.289" classname="PostsTests"/>
  <system-out/>
  <testcase name="testCreatePostInvalidTitle" time="1.314" classname="PostsTests"/>
  <system-out/>
  <testcase name="testGetAPost" time="1.225" classname="PostsTests"/>
  <system-out/>
  <testcase name="testGetAllPosts" time="1.585" classname="PostsTests"/>
  <system-out/>
  <testcase name="testDeleteInvalidPost" time="1.290" classname="PostsTests"/>
  <system-out/>
  <testcase name="testUpdatePost" time="1.254" classname="PostsTests"/>
  <system-out/>
  <testcase name="testCreatePost" time="1.310" classname="PostsTests"/>
  <system-out/>
  <testcase name="testDeletePost" time="1.290" classname="PostsTests"/>
  <system-out/>
</testsuite> <!-- PostsTests -->
