<?xml version="1.0" encoding="UTF-8"?>
<!-- Generated by org.testng.reporters.JUnitReportReporter -->
<testsuite skipped="0" hostname="CRespiraul01" name="PostsTests" tests="10" failures="0" timestamp="2021-08-20T08:27:21 CST" time="25.129" errors="0">
  <testcase name="testCreatePost" time="2.261" classname="PostsTests"/>
  <system-out/>
  <testcase name="testUpdateInvalidPost" time="2.083" classname="PostsTests"/>
  <system-out/>
  <testcase name="testGetAllPostsUsingInvalidLogin" time="2.098" classname="PostsTests"/>
  <system-out/>
  <testcase name="testDeletePost" time="2.046" classname="PostsTests"/>
  <system-out/>
  <testcase name="testUpdatePost" time="5.707" classname="PostsTests"/>
  <system-out/>
  <testcase name="testCreatePostInvalidTitle" time="2.048" classname="PostsTests"/>
  <system-out/>
  <testcase name="testDeleteInvalidPost" time="2.182" classname="PostsTests"/>
  <system-out/>
  <testcase name="testGetAPost" time="2.017" classname="PostsTests"/>
  <system-out/>
  <testcase name="testGetAnInvalidPost" time="2.128" classname="PostsTests"/>
  <system-out/>
  <testcase name="testGetAllPosts" time="2.559" classname="PostsTests"/>
  <system-out/>
</testsuite> <!-- PostsTests -->
