<?xml version="1.0" encoding="UTF-8"?>
<!-- Generated by org.testng.reporters.JUnitReportReporter -->
<testsuite skipped="0" hostname="CRespiraul01" name="CommentsTests" tests="10" failures="0" timestamp="2021-08-02T22:12:13 CST" time="16.266" errors="0">
  <testcase name="testDeleteComment" time="1.672" classname="CommentsTests"/>
  <system-out/>
  <testcase name="testUpdateCommentById" time="2.114" classname="CommentsTests"/>
  <system-out/>
  <testcase name="testGetACommentbyId" time="2.196" classname="CommentsTests"/>
  <system-out/>
  <testcase name="testUpdateInvalidComment" time="2.114" classname="CommentsTests"/>
  <system-out/>
  <testcase name="testDeleteInvalidComment" time="1.158" classname="CommentsTests"/>
  <system-out/>
  <testcase name="testGetAllComments" time="2.132" classname="CommentsTests"/>
  <system-out/>
  <testcase name="testGetACommentUsingInvalidId" time="1.230" classname="CommentsTests"/>
  <system-out/>
  <testcase name="testGetAllCommentsUsingInvalidPost" time="1.231" classname="CommentsTests"/>
  <system-out/>
  <testcase name="testCreateComment" time="1.281" classname="CommentsTests"/>
  <system-out/>
  <testcase name="testCreateCommentOnInvalidPost" time="1.138" classname="CommentsTests"/>
  <system-out/>
</testsuite> <!-- CommentsTests -->
