<?xml version="1.0" encoding="UTF-8"?>
<!-- Generated by org.testng.reporters.JUnitReportReporter -->
<testsuite skipped="0" hostname="CRespiraul01" name="CommentsTests" tests="10" failures="0" timestamp="2021-08-20T08:27:21 CST" time="25.129" errors="0">
  <testcase name="testGetACommentbyId" time="2.936" classname="CommentsTests"/>
  <system-out/>
  <testcase name="testGetAllComments" time="3.063" classname="CommentsTests"/>
  <system-out/>
  <testcase name="testUpdateCommentById" time="3.191" classname="CommentsTests"/>
  <system-out/>
  <testcase name="testCreateCommentOnInvalidPost" time="2.009" classname="CommentsTests"/>
  <system-out/>
  <testcase name="testDeleteInvalidComment" time="2.088" classname="CommentsTests"/>
  <system-out/>
  <testcase name="testGetAllCommentsUsingInvalidPost" time="1.908" classname="CommentsTests"/>
  <system-out/>
  <testcase name="testDeleteComment" time="2.603" classname="CommentsTests"/>
  <system-out/>
  <testcase name="testUpdateInvalidComment" time="2.887" classname="CommentsTests"/>
  <system-out/>
  <testcase name="testGetACommentUsingInvalidId" time="2.353" classname="CommentsTests"/>
  <system-out/>
  <testcase name="testCreateComment" time="2.091" classname="CommentsTests"/>
  <system-out/>
</testsuite> <!-- CommentsTests -->
